<?xml version="1.0" encoding="UTF-8"?>
<!-- Generated by org.testng.reporters.JUnitXMLReporter -->
<testsuite hostname="BA-000179316" ignored="0" name="Test" tests="3" failures="0" timestamp="2022-06-29T16:54:17 IST" time="86.452" errors="0">
  <testcase name="basePageNavigation" time="0.775" classname="E2EProject.homePage"/>
  <testcase name="basePageNavigation" time="0.059" classname="E2EProject.ValidateNavigationBar"/>
  <testcase name="basePageNavigation" time="0.033" classname="E2EProject.ValidateTitle"/>
</testsuite> <!-- Test -->
